Log file open, 05/31/20 18:35:36
LogWindows: Failed to load 'aqProf.dll' (GetLastError=126)
LogWindows: File 'aqProf.dll' does not exist
LogWindows: Failed to load 'VtuneApi.dll' (GetLastError=126)
LogWindows: File 'VtuneApi.dll' does not exist
LogWindows: Failed to load 'VtuneApi32e.dll' (GetLastError=126)
LogWindows: File 'VtuneApi32e.dll' does not exist
LogConsoleResponse: Display: Failed to find resolution value strings in scalability ini. Falling back to default.
LogInit: Display: Running engine for game: Tank_Fighter
LogPakFile: Registered encryption key '00000000000000000000000000000000': 0 pak files mounted, 0 remain pending
LogPlatformFile: Not using cached read wrapper
LogTaskGraph: Started task graph with 5 named threads and 23 total threads with 3 sets of task threads.
LogStats: Stats thread started at 0.637811
LogD3D11RHI: Loaded GFSDK_Aftermath_Lib.x64.dll
LogICUInternationalization: ICU TimeZone Detection - Raw Offset: -5:00, Platform Override: ''
LogPluginManager: Mounting plugin Paper2D
LogPluginManager: Mounting plugin AISupport
LogPluginManager: Mounting plugin LightPropagationVolume
LogPluginManager: Mounting plugin ActorLayerUtilities
LogPluginManager: Mounting plugin AnimationSharing
LogPluginManager: Mounting plugin CLionSourceCodeAccess
LogPluginManager: Mounting plugin CodeLiteSourceCodeAccess
LogPluginManager: Mounting plugin GitSourceControl
LogPluginManager: Mounting plugin KDevelopSourceCodeAccess
LogPluginManager: Mounting plugin NullSourceCodeAccess
LogPluginManager: Mounting plugin PerforceSourceControl
LogPluginManager: Mounting plugin SubversionSourceControl
LogPluginManager: Mounting plugin UObjectPlugin
LogPluginManager: Mounting plugin VisualStudioCodeSourceCodeAccess
LogPluginManager: Mounting plugin VisualStudioSourceCodeAccess
LogPluginManager: Mounting plugin XCodeSourceCodeAccess
LogPluginManager: Mounting plugin AssetManagerEditor
LogPluginManager: Mounting plugin CryptoKeys
LogPluginManager: Mounting plugin DataValidation
LogPluginManager: Mounting plugin FacialAnimation
LogPluginManager: Mounting plugin GameplayTagsEditor
LogPluginManager: Mounting plugin MacGraphicsSwitching
LogPluginManager: Mounting plugin MaterialAnalyzer
LogPluginManager: Mounting plugin MobileLauncherProfileWizard
LogPluginManager: Mounting plugin PluginBrowser
LogPluginManager: Mounting plugin SpeedTreeImporter
LogPluginManager: Mounting plugin DatasmithContent
LogPluginManager: Mounting plugin VariantManagerContent
LogPluginManager: Mounting plugin AlembicImporter
LogPluginManager: Mounting plugin AppleImageUtils
LogPluginManager: Mounting plugin AppleVision
LogPluginManager: Mounting plugin BackChannel
LogPluginManager: Mounting plugin CharacterAI
LogPluginManager: Mounting plugin GeometryCache
LogPluginManager: Mounting plugin HTML5Networking
LogPluginManager: Mounting plugin ProxyLODPlugin
LogPluginManager: Mounting plugin SkeletalReduction
LogPluginManager: Mounting plugin MagicLeap
LogPluginManager: Mounting plugin MagicLeapMedia
LogPluginManager: Mounting plugin AndroidMedia
LogPluginManager: Mounting plugin AvfMedia
LogPluginManager: Mounting plugin ImgMedia
LogPluginManager: Mounting plugin LinearTimecode
LogPluginManager: Mounting plugin MediaCompositing
LogPluginManager: Mounting plugin MediaPlayerEditor
LogPluginManager: Mounting plugin WebMMedia
LogPluginManager: Mounting plugin WmfMedia
LogPluginManager: Mounting plugin TcpMessaging
LogPluginManager: Mounting plugin UdpMessaging
LogPluginManager: Mounting plugin ActorSequence
LogPluginManager: Mounting plugin LevelSequenceEditor
LogPluginManager: Mounting plugin MatineeToLevelSequence
LogPluginManager: Mounting plugin NetcodeUnitTest
LogPluginManager: Mounting plugin NUTUnrealEngine4
LogPluginManager: Mounting plugin OnlineSubsystemGooglePlay
LogPluginManager: Mounting plugin OnlineSubsystemIOS
LogPluginManager: Mounting plugin OnlineSubsystem
LogPluginManager: Mounting plugin OnlineSubsystemNull
LogPluginManager: Mounting plugin OnlineSubsystemUtils
LogPluginManager: Mounting plugin LauncherChunkInstaller
LogPluginManager: Mounting plugin AndroidDeviceProfileSelector
LogPluginManager: Mounting plugin AndroidMoviePlayer
LogPluginManager: Mounting plugin AndroidPermission
LogPluginManager: Mounting plugin AppleMoviePlayer
LogPluginManager: Mounting plugin ArchVisCharacter
LogPluginManager: Mounting plugin AudioCapture
LogPluginManager: Mounting plugin CableComponent
LogPluginManager: Mounting plugin CustomMeshComponent
LogPluginManager: Mounting plugin EditableMesh
LogPluginManager: Mounting plugin ExampleDeviceProfileSelector
LogPluginManager: Mounting plugin Firebase
LogPluginManager: Mounting plugin GoogleCloudMessaging
LogPluginManager: Mounting plugin IOSDeviceProfileSelector
LogPluginManager: Mounting plugin LinuxDeviceProfileSelector
LogPluginManager: Mounting plugin LocationServicesBPLibrary
LogPluginManager: Mounting plugin MobilePatchingUtils
LogPluginManager: Mounting plugin OculusVR
LogPluginManager: Mounting plugin PhysXVehicles
LogPluginManager: Mounting plugin ProceduralMeshComponent
LogPluginManager: Mounting plugin RuntimePhysXCooking
LogPluginManager: Mounting plugin SignificanceManager
LogPluginManager: Mounting plugin SteamVR
LogPluginManager: Mounting plugin WebMMoviePlayer
LogPluginManager: Mounting plugin WindowsMoviePlayer
LogInit: Using libcurl 7.55.1-DEV
LogInit:  - built for x86_64-pc-win32
LogInit:  - supports SSL with OpenSSL/1.1.1
LogInit:  - supports HTTP deflate (compression) using libz 1.2.8
LogInit:  - other features:
LogInit:      CURL_VERSION_SSL
LogInit:      CURL_VERSION_LIBZ
LogInit:      CURL_VERSION_IPV6
LogInit:      CURL_VERSION_ASYNCHDNS
LogInit:      CURL_VERSION_LARGEFILE
LogInit:      CURL_VERSION_IDN
LogInit:  CurlRequestOptions (configurable via config and command line):
LogInit:  - bVerifyPeer = true  - Libcurl will verify peer certificate
LogInit:  - bUseHttpProxy = false  - Libcurl will NOT use HTTP proxy
LogInit:  - bDontReuseConnections = false  - Libcurl will reuse connections
LogInit:  - MaxHostConnections = 16  - Libcurl will limit the number of connections to a host
LogInit:  - LocalHostAddr = Default
LogInit:  - BufferSize = 65536
LogInit: WinSock: version 1.1 (2.2), MaxSocks=32767, MaxUdp=65467
LogInit: Build: ++UE4+Release-4.22-CL-7053642
LogInit: Engine Version: 4.22.3-7053642+++UE4+Release-4.22
LogInit: Compatible Engine Version: 4.22.0-5660361+++UE4+Release-4.22
LogInit: Net CL: 5660361
LogInit: OS: Windows 10 (Release 1903) (), CPU: Intel(R) Core(TM) i7-7700K CPU @ 4.20GHz, GPU: NVIDIA GeForce GTX 1080
LogInit: Compiled (64-bit): Jun 18 2019 03:09:11
LogInit: Compiled with Visual C++: 19.16.27025.01
LogInit: Build Configuration: Development
LogInit: Branch Name: ++UE4+Release-4.22
LogInit: Command Line: 
LogInit: Base Directory: Z:/Unreal/UE_4.22/Engine/Binaries/Win64/
LogInit: Installed Engine Build: 1
LogDevObjectVersion: Number of dev versions registered: 23
LogDevObjectVersion:   Dev-Blueprints (B0D832E4-1F89-4F0D-ACCF-7EB736FD4AA2): 10
LogDevObjectVersion:   Dev-Build (E1C64328-A22C-4D53-A36C-8E866417BD8C): 0
LogDevObjectVersion:   Dev-Core (375EC13C-06E4-48FB-B500-84F0262A717E): 3
LogDevObjectVersion:   Dev-Editor (E4B068ED-F494-42E9-A231-DA0B2E46BB41): 30
LogDevObjectVersion:   Dev-Framework (CFFC743F-43B0-4480-9391-14DF171D2073): 35
LogDevObjectVersion:   Dev-Mobile (B02B49B5-BB20-44E9-A304-32B752E40360): 2
LogDevObjectVersion:   Dev-Networking (A4E4105C-59A1-49B5-A7C5-40C4547EDFEE): 0
LogDevObjectVersion:   Dev-Online (39C831C9-5AE6-47DC-9A44-9C173E1C8E7C): 0
LogDevObjectVersion:   Dev-Physics (78F01B33-EBEA-4F98-B9B4-84EACCB95AA2): 0
LogDevObjectVersion:   Dev-Platform (6631380F-2D4D-43E0-8009-CF276956A95A): 0
LogDevObjectVersion:   Dev-Rendering (12F88B9F-8875-4AFC-A67C-D90C383ABD29): 28
LogDevObjectVersion:   Dev-Sequencer (7B5AE74C-D270-4C10-A958-57980B212A5A): 11
LogDevObjectVersion:   Dev-VR (D7296918-1DD6-4BDD-9DE2-64A83CC13884): 2
LogDevObjectVersion:   Dev-LoadTimes (C2A15278-BFE7-4AFE-6C17-90FF531DF755): 1
LogDevObjectVersion:   Private-Geometry (6EACA3D4-40EC-4CC1-B786-8BED09428FC5): 3
LogDevObjectVersion:   Dev-AnimPhys (29E575DD-E0A3-4627-9D10-D276232CDCEA): 17
LogDevObjectVersion:   Dev-Anim (AF43A65D-7FD3-4947-9873-3E8ED9C1BB05): 2
LogDevObjectVersion:   Dev-ReflectionCapture (6B266CEC-1EC7-4B8F-A30B-E4D90942FC07): 1
LogDevObjectVersion:   Dev-Automation (0DF73D61-A23F-47EA-B727-89E90C41499A): 1
LogDevObjectVersion:   FortniteMain (601D1886-AC64-4F84-AA16-D3DE0DEAC7D6): 25
LogDevObjectVersion:   Dev-Enterprise (9DFFBCD6-494F-0158-E221-12823C92A888): 6
LogDevObjectVersion:   Dev-Niagara (F2AED0AC-9AFE-416F-8664-AA7FFA26D6FC): 1
LogDevObjectVersion:   Dev-Destruction (174F1F0B-B4C6-45A5-B13F-2EE8D0FB917D): 2
LogInit: Presizing for max 16777216 objects, including 0 objects not considered by GC, pre-allocating 0 bytes for permanent pool.
LogInit: Object subsystem initialized
LogConfig: Setting CVar [[con.DebugEarlyDefault:1]]
LogConfig: Setting CVar [[r.setres:1280x720]]
[2020.05.31-22.35.37:189][  0]LogConfig: Setting CVar [[r.VSync:0]]
[2020.05.31-22.35.37:189][  0]LogConfig: Setting CVar [[r.RHICmdBypass:0]]
[2020.05.31-22.35.37:189][  0]LogConfig: Applying CVar settings from Section [/Script/Engine.RendererSettings] File [J:/2020_Projects/Side_Projects/Tank_Fighter/Tank_Fighter_Unreal4/Tank_Fighter/Tank_Fighter/Saved/Config/Windows/Engine.ini]
[2020.05.31-22.35.37:189][  0]LogConfig: Setting CVar [[r.GPUCrashDebugging:0]]
[2020.05.31-22.35.37:189][  0]LogConfig: Setting CVar [[r.DefaultFeature.AutoExposure.ExtendDefaultLuminanceRange:1]]
[2020.05.31-22.35.37:189][  0]LogConfig: Applying CVar settings from Section [/Script/Engine.RendererOverrideSettings] File [J:/2020_Projects/Side_Projects/Tank_Fighter/Tank_Fighter_Unreal4/Tank_Fighter/Tank_Fighter/Saved/Config/Windows/Engine.ini]
[2020.05.31-22.35.37:189][  0]LogConfig: Applying CVar settings from Section [/Script/Engine.StreamingSettings] File [J:/2020_Projects/Side_Projects/Tank_Fighter/Tank_Fighter_Unreal4/Tank_Fighter/Tank_Fighter/Saved/Config/Windows/Engine.ini]
[2020.05.31-22.35.37:189][  0]LogConfig: Setting CVar [[s.MinBulkDataSizeForAsyncLoading:131072]]
[2020.05.31-22.35.37:189][  0]LogConfig: Setting CVar [[s.AsyncLoadingThreadEnabled:0]]
[2020.05.31-22.35.37:189][  0]LogConfig: Setting CVar [[s.EventDrivenLoaderEnabled:1]]
[2020.05.31-22.35.37:189][  0]LogConfig: Setting CVar [[s.WarnIfTimeLimitExceeded:0]]
[2020.05.31-22.35.37:189][  0]LogConfig: Setting CVar [[s.TimeLimitExceededMultiplier:1.5]]
[2020.05.31-22.35.37:189][  0]LogConfig: Setting CVar [[s.TimeLimitExceededMinTime:0.005]]
[2020.05.31-22.35.37:189][  0]LogConfig: Setting CVar [[s.UseBackgroundLevelStreaming:1]]
[2020.05.31-22.35.37:189][  0]LogConfig: Setting CVar [[s.PriorityAsyncLoadingExtraTime:15.0]]
[2020.05.31-22.35.37:189][  0]LogConfig: Setting CVar [[s.LevelStreamingActorsUpdateTimeLimit:5.0]]
[2020.05.31-22.35.37:189][  0]LogConfig: Setting CVar [[s.PriorityLevelStreamingActorsUpdateExtraTime:5.0]]
[2020.05.31-22.35.37:189][  0]LogConfig: Setting CVar [[s.LevelStreamingComponentsRegistrationGranularity:10]]
[2020.05.31-22.35.37:189][  0]LogConfig: Setting CVar [[s.UnregisterComponentsTimeLimit:1.0]]
[2020.05.31-22.35.37:189][  0]LogConfig: Setting CVar [[s.LevelStreamingComponentsUnregistrationGranularity:5]]
[2020.05.31-22.35.37:189][  0]LogConfig: Applying CVar settings from Section [/Script/Engine.GarbageCollectionSettings] File [J:/2020_Projects/Side_Projects/Tank_Fighter/Tank_Fighter_Unreal4/Tank_Fighter/Tank_Fighter/Saved/Config/Windows/Engine.ini]
[2020.05.31-22.35.37:189][  0]LogConfig: Setting CVar [[gc.MaxObjectsNotConsideredByGC:1]]
[2020.05.31-22.35.37:189][  0]LogConfig: Setting CVar [[gc.SizeOfPermanentObjectPool:0]]
[2020.05.31-22.35.37:189][  0]LogConfig: Setting CVar [[gc.FlushStreamingOnGC:0]]
[2020.05.31-22.35.37:189][  0]LogConfig: Setting CVar [[gc.NumRetriesBeforeForcingGC:10]]
[2020.05.31-22.35.37:189][  0]LogConfig: Setting CVar [[gc.AllowParallelGC:1]]
[2020.05.31-22.35.37:189][  0]LogConfig: Setting CVar [[gc.TimeBetweenPurgingPendingKillObjects:61.1]]
[2020.05.31-22.35.37:189][  0]LogConfig: Setting CVar [[gc.MaxObjectsInEditor:16777216]]
[2020.05.31-22.35.37:189][  0]LogConfig: Setting CVar [[gc.IncrementalBeginDestroyEnabled:1]]
[2020.05.31-22.35.37:189][  0]LogConfig: Setting CVar [[gc.CreateGCClusters:1]]
[2020.05.31-22.35.37:189][  0]LogConfig: Setting CVar [[gc.MinGCClusterSize:5]]
[2020.05.31-22.35.37:189][  0]LogConfig: Setting CVar [[gc.ActorClusteringEnabled:0]]
[2020.05.31-22.35.37:189][  0]LogConfig: Setting CVar [[gc.BlueprintClusteringEnabled:0]]
[2020.05.31-22.35.37:189][  0]LogConfig: Setting CVar [[gc.UseDisregardForGCOnDedicatedServers:0]]
[2020.05.31-22.35.37:189][  0]LogConfig: Applying CVar settings from Section [/Script/Engine.NetworkSettings] File [J:/2020_Projects/Side_Projects/Tank_Fighter/Tank_Fighter_Unreal4/Tank_Fighter/Tank_Fighter/Saved/Config/Windows/Engine.ini]
[2020.05.31-22.35.37:189][  0]LogConfig: Applying CVar settings from Section [/Script/UnrealEd.CookerSettings] File [J:/2020_Projects/Side_Projects/Tank_Fighter/Tank_Fighter_Unreal4/Tank_Fighter/Tank_Fighter/Saved/Config/Windows/Engine.ini]
[2020.05.31-22.35.37:195][  0]LogConfig: Applying CVar settings from Section [ViewDistanceQuality@3] File [J:/2020_Projects/Side_Projects/Tank_Fighter/Tank_Fighter_Unreal4/Tank_Fighter/Tank_Fighter/Saved/Config/Windows/Scalability.ini]
[2020.05.31-22.35.37:196][  0]LogConfig: Setting CVar [[r.SkeletalMeshLODBias:0]]
[2020.05.31-22.35.37:196][  0]LogConfig: Setting CVar [[r.ViewDistanceScale:1.0]]
[2020.05.31-22.35.37:196][  0]LogConfig: Applying CVar settings from Section [AntiAliasingQuality@3] File [J:/2020_Projects/Side_Projects/Tank_Fighter/Tank_Fighter_Unreal4/Tank_Fighter/Tank_Fighter/Saved/Config/Windows/Scalability.ini]
[2020.05.31-22.35.37:196][  0]LogConfig: Setting CVar [[r.PostProcessAAQuality:4]]
[2020.05.31-22.35.37:196][  0]LogConfig: Applying CVar settings from Section [ShadowQuality@3] File [J:/2020_Projects/Side_Projects/Tank_Fighter/Tank_Fighter_Unreal4/Tank_Fighter/Tank_Fighter/Saved/Config/Windows/Scalability.ini]
[2020.05.31-22.35.37:196][  0]LogConfig: Setting CVar [[r.LightFunctionQuality:1]]
[2020.05.31-22.35.37:196][  0]LogConfig: Setting CVar [[r.ShadowQuality:5]]
[2020.05.31-22.35.37:196][  0]LogConfig: Setting CVar [[r.Shadow.CSM.MaxCascades:10]]
[2020.05.31-22.35.37:196][  0]LogConfig: Setting CVar [[r.Shadow.MaxResolution:2048]]
[2020.05.31-22.35.37:196][  0]LogConfig: Setting CVar [[r.Shadow.MaxCSMResolution:2048]]
[2020.05.31-22.35.37:196][  0]LogConfig: Setting CVar [[r.Shadow.RadiusThreshold:0.01]]
[2020.05.31-22.35.37:196][  0]LogConfig: Setting CVar [[r.Shadow.DistanceScale:1.0]]
[2020.05.31-22.35.37:196][  0]LogConfig: Setting CVar [[r.Shadow.CSM.TransitionScale:1.0]]
[2020.05.31-22.35.37:196][  0]LogConfig: Setting CVar [[r.Shadow.PreShadowResolutionFactor:1.0]]
[2020.05.31-22.35.37:196][  0]LogConfig: Setting CVar [[r.DistanceFieldShadowing:1]]
[2020.05.31-22.35.37:196][  0]LogConfig: Setting CVar [[r.DistanceFieldAO:1]]
[2020.05.31-22.35.37:196][  0]LogConfig: Setting CVar [[r.AOQuality:2]]
[2020.05.31-22.35.37:196][  0]LogConfig: Setting CVar [[r.VolumetricFog:1]]
[2020.05.31-22.35.37:196][  0]LogConfig: Setting CVar [[r.VolumetricFog.GridPixelSize:8]]
[2020.05.31-22.35.37:196][  0]LogConfig: Setting CVar [[r.VolumetricFog.GridSizeZ:128]]
[2020.05.31-22.35.37:196][  0]LogConfig: Setting CVar [[r.VolumetricFog.HistoryMissSupersampleCount:4]]
[2020.05.31-22.35.37:196][  0]LogConfig: Setting CVar [[r.LightMaxDrawDistanceScale:1]]
[2020.05.31-22.35.37:196][  0]LogConfig: Setting CVar [[r.CapsuleShadows:1]]
[2020.05.31-22.35.37:196][  0]LogConfig: Applying CVar settings from Section [PostProcessQuality@3] File [J:/2020_Projects/Side_Projects/Tank_Fighter/Tank_Fighter_Unreal4/Tank_Fighter/Tank_Fighter/Saved/Config/Windows/Scalability.ini]
[2020.05.31-22.35.37:196][  0]LogConfig: Setting CVar [[r.MotionBlurQuality:4]]
[2020.05.31-22.35.37:196][  0]LogConfig: Setting CVar [[r.AmbientOcclusionMipLevelFactor:0.4]]
[2020.05.31-22.35.37:196][  0]LogConfig: Setting CVar [[r.AmbientOcclusionMaxQuality:100]]
[2020.05.31-22.35.37:196][  0]LogConfig: Setting CVar [[r.AmbientOcclusionLevels:-1]]
[2020.05.31-22.35.37:196][  0]LogConfig: Setting CVar [[r.AmbientOcclusionRadiusScale:1.0]]
[2020.05.31-22.35.37:196][  0]LogConfig: Setting CVar [[r.DepthOfFieldQuality:2]]
[2020.05.31-22.35.37:196][  0]LogConfig: Setting CVar [[r.RenderTargetPoolMin:400]]
[2020.05.31-22.35.37:196][  0]LogConfig: Setting CVar [[r.LensFlareQuality:2]]
[2020.05.31-22.35.37:196][  0]LogConfig: Setting CVar [[r.SceneColorFringeQuality:1]]
[2020.05.31-22.35.37:196][  0]LogConfig: Setting CVar [[r.EyeAdaptationQuality:2]]
[2020.05.31-22.35.37:196][  0]LogConfig: Setting CVar [[r.BloomQuality:5]]
[2020.05.31-22.35.37:196][  0]LogConfig: Setting CVar [[r.FastBlurThreshold:100]]
[2020.05.31-22.35.37:196][  0]LogConfig: Setting CVar [[r.Upscale.Quality:3]]
[2020.05.31-22.35.37:196][  0]LogConfig: Setting CVar [[r.Tonemapper.GrainQuantization:1]]
[2020.05.31-22.35.37:196][  0]LogConfig: Setting CVar [[r.LightShaftQuality:1]]
[2020.05.31-22.35.37:196][  0]LogConfig: Setting CVar [[r.Filter.SizeScale:1]]
[2020.05.31-22.35.37:196][  0]LogConfig: Setting CVar [[r.Tonemapper.Quality:5]]
[2020.05.31-22.35.37:196][  0]LogConfig: Setting CVar [[r.DOF.Gather.AccumulatorQuality:1        ; higher gathering accumulator quality]]
[2020.05.31-22.35.37:196][  0]LogConfig: Setting CVar [[r.DOF.Gather.PostfilterMethod:1          ; Median3x3 postfilering method]]
[2020.05.31-22.35.37:196][  0]LogConfig: Setting CVar [[r.DOF.Gather.EnableBokehSettings:0       ; no bokeh simulation when gathering]]
[2020.05.31-22.35.37:196][  0]LogConfig: Setting CVar [[r.DOF.Gather.RingCount:4                 ; medium number of samples when gathering]]
[2020.05.31-22.35.37:196][  0]LogConfig: Setting CVar [[r.DOF.Scatter.ForegroundCompositing:1    ; additive foreground scattering]]
[2020.05.31-22.35.37:196][  0]LogConfig: Setting CVar [[r.DOF.Scatter.BackgroundCompositing:2    ; additive background scattering]]
[2020.05.31-22.35.37:196][  0]LogConfig: Setting CVar [[r.DOF.Scatter.EnableBokehSettings:1      ; bokeh simulation when scattering]]
[2020.05.31-22.35.37:196][  0]LogConfig: Setting CVar [[r.DOF.Scatter.MaxSpriteRatio:0.1         ; only a maximum of 10% of scattered bokeh]]
[2020.05.31-22.35.37:196][  0]LogConfig: Setting CVar [[r.DOF.Recombine.Quality:1                ; cheap slight out of focus]]
[2020.05.31-22.35.37:196][  0]LogConfig: Setting CVar [[r.DOF.Recombine.EnableBokehSettings:0    ; no bokeh simulation on slight out of focus]]
[2020.05.31-22.35.37:196][  0]LogConfig: Setting CVar [[r.DOF.TemporalAAQuality:1                ; more stable temporal accumulation]]
[2020.05.31-22.35.37:196][  0]LogConfig: Setting CVar [[r.DOF.Kernel.MaxForegroundRadius:0.025]]
[2020.05.31-22.35.37:196][  0]LogConfig: Setting CVar [[r.DOF.Kernel.MaxBackgroundRadius:0.025]]
[2020.05.31-22.35.37:196][  0]LogConfig: Applying CVar settings from Section [TextureQuality@3] File [J:/2020_Projects/Side_Projects/Tank_Fighter/Tank_Fighter_Unreal4/Tank_Fighter/Tank_Fighter/Saved/Config/Windows/Scalability.ini]
[2020.05.31-22.35.37:196][  0]LogConfig: Setting CVar [[r.Streaming.MipBias:0]]
[2020.05.31-22.35.37:196][  0]LogConfig: Setting CVar [[r.Streaming.AmortizeCPUToGPUCopy:0]]
[2020.05.31-22.35.37:196][  0]LogConfig: Setting CVar [[r.Streaming.MaxNumTexturesToStreamPerFrame:0]]
[2020.05.31-22.35.37:196][  0]LogConfig: Setting CVar [[r.Streaming.Boost:1]]
[2020.05.31-22.35.37:196][  0]LogConfig: Setting CVar [[r.MaxAnisotropy:8]]
[2020.05.31-22.35.37:196][  0]LogConfig: Setting CVar [[r.Streaming.LimitPoolSizeToVRAM:0]]
[2020.05.31-22.35.37:196][  0]LogConfig: Setting CVar [[r.Streaming.PoolSize:1000]]
[2020.05.31-22.35.37:196][  0]LogConfig: Setting CVar [[r.Streaming.MaxEffectiveScreenSize:0]]
[2020.05.31-22.35.37:196][  0]LogConfig: Applying CVar settings from Section [EffectsQuality@3] File [J:/2020_Projects/Side_Projects/Tank_Fighter/Tank_Fighter_Unreal4/Tank_Fighter/Tank_Fighter/Saved/Config/Windows/Scalability.ini]
[2020.05.31-22.35.37:196][  0]LogConfig: Setting CVar [[r.TranslucencyLightingVolumeDim:64]]
[2020.05.31-22.35.37:196][  0]LogConfig: Setting CVar [[r.RefractionQuality:2]]
[2020.05.31-22.35.37:196][  0]LogConfig: Setting CVar [[r.SSR.Quality:3]]
[2020.05.31-22.35.37:196][  0]LogConfig: Setting CVar [[r.SceneColorFormat:4]]
[2020.05.31-22.35.37:196][  0]LogConfig: Setting CVar [[r.DetailMode:2]]
[2020.05.31-22.35.37:196][  0]LogConfig: Setting CVar [[r.TranslucencyVolumeBlur:1]]
[2020.05.31-22.35.37:196][  0]LogConfig: Setting CVar [[r.MaterialQualityLevel:1 ; High quality]]
[2020.05.31-22.35.37:196][  0]LogConfig: Setting CVar [[r.SSS.Scale:1]]
[2020.05.31-22.35.37:196][  0]LogConfig: Setting CVar [[r.SSS.SampleSet:2]]
[2020.05.31-22.35.37:196][  0]LogConfig: Setting CVar [[r.SSS.Quality:1]]
[2020.05.31-22.35.37:196][  0]LogConfig: Setting CVar [[r.SSS.HalfRes:1]]
[2020.05.31-22.35.37:196][  0]LogConfig: Setting CVar [[r.EmitterSpawnRateScale:1.0]]
[2020.05.31-22.35.37:196][  0]LogConfig: Setting CVar [[r.ParticleLightQuality:2]]
[2020.05.31-22.35.37:196][  0]LogConfig: Applying CVar settings from Section [FoliageQuality@3] File [J:/2020_Projects/Side_Projects/Tank_Fighter/Tank_Fighter_Unreal4/Tank_Fighter/Tank_Fighter/Saved/Config/Windows/Scalability.ini]
[2020.05.31-22.35.37:196][  0]LogConfig: Setting CVar [[foliage.DensityScale:1.0]]
[2020.05.31-22.35.37:196][  0]LogConfig: Setting CVar [[grass.DensityScale:1.0]]
[2020.05.31-22.35.37:197][  0]LogInit: Selected Device Profile: [Windows]
[2020.05.31-22.35.37:197][  0]LogInit: Applying CVar settings loaded from the selected device profile: [Windows]
[2020.05.31-22.35.37:234][  0]LogHAL: Display: Platform has ~ 64 GB [68640960512 / 68719476736 / 64], which maps to Largest [LargestMinGB=32, LargerMinGB=12, DefaultMinGB=8, SmallerMinGB=6, SmallestMinGB=0)
[2020.05.31-22.35.37:234][  0]LogConfig: Setting CVar [[r.Vulkan.UseRealUBs:0		; Required until we fix HLR fall-out]]
[2020.05.31-22.35.37:234][  0]LogInit: Going up to parent DeviceProfile []
[2020.05.31-22.35.37:235][  0]LogConfig: Applying CVar settings from Section [ViewDistanceQuality@3] File [J:/2020_Projects/Side_Projects/Tank_Fighter/Tank_Fighter_Unreal4/Tank_Fighter/Tank_Fighter/Saved/Config/Windows/Scalability.ini]
[2020.05.31-22.35.37:235][  0]LogConfig: Setting CVar [[r.SkeletalMeshLODBias:0]]
[2020.05.31-22.35.37:235][  0]LogConfig: Setting CVar [[r.ViewDistanceScale:1.0]]
[2020.05.31-22.35.37:235][  0]LogConfig: Applying CVar settings from Section [AntiAliasingQuality@3] File [J:/2020_Projects/Side_Projects/Tank_Fighter/Tank_Fighter_Unreal4/Tank_Fighter/Tank_Fighter/Saved/Config/Windows/Scalability.ini]
[2020.05.31-22.35.37:235][  0]LogConfig: Setting CVar [[r.PostProcessAAQuality:4]]
[2020.05.31-22.35.37:235][  0]LogConfig: Applying CVar settings from Section [ShadowQuality@3] File [J:/2020_Projects/Side_Projects/Tank_Fighter/Tank_Fighter_Unreal4/Tank_Fighter/Tank_Fighter/Saved/Config/Windows/Scalability.ini]
[2020.05.31-22.35.37:235][  0]LogConfig: Setting CVar [[r.LightFunctionQuality:1]]
[2020.05.31-22.35.37:235][  0]LogConfig: Setting CVar [[r.ShadowQuality:5]]
[2020.05.31-22.35.37:235][  0]LogConfig: Setting CVar [[r.Shadow.CSM.MaxCascades:10]]
[2020.05.31-22.35.37:235][  0]LogConfig: Setting CVar [[r.Shadow.MaxResolution:2048]]
[2020.05.31-22.35.37:235][  0]LogConfig: Setting CVar [[r.Shadow.MaxCSMResolution:2048]]
[2020.05.31-22.35.37:235][  0]LogConfig: Setting CVar [[r.Shadow.RadiusThreshold:0.01]]
[2020.05.31-22.35.37:235][  0]LogConfig: Setting CVar [[r.Shadow.DistanceScale:1.0]]
[2020.05.31-22.35.37:235][  0]LogConfig: Setting CVar [[r.Shadow.CSM.TransitionScale:1.0]]
[2020.05.31-22.35.37:235][  0]LogConfig: Setting CVar [[r.Shadow.PreShadowResolutionFactor:1.0]]
[2020.05.31-22.35.37:235][  0]LogConfig: Setting CVar [[r.DistanceFieldShadowing:1]]
[2020.05.31-22.35.37:235][  0]LogConfig: Setting CVar [[r.DistanceFieldAO:1]]
[2020.05.31-22.35.37:235][  0]LogConfig: Setting CVar [[r.AOQuality:2]]
[2020.05.31-22.35.37:235][  0]LogConfig: Setting CVar [[r.VolumetricFog:1]]
[2020.05.31-22.35.37:235][  0]LogConfig: Setting CVar [[r.VolumetricFog.GridPixelSize:8]]
[2020.05.31-22.35.37:235][  0]LogConfig: Setting CVar [[r.VolumetricFog.GridSizeZ:128]]
[2020.05.31-22.35.37:235][  0]LogConfig: Setting CVar [[r.VolumetricFog.HistoryMissSupersampleCount:4]]
[2020.05.31-22.35.37:235][  0]LogConfig: Setting CVar [[r.LightMaxDrawDistanceScale:1]]
[2020.05.31-22.35.37:235][  0]LogConfig: Setting CVar [[r.CapsuleShadows:1]]
[2020.05.31-22.35.37:235][  0]LogConfig: Applying CVar settings from Section [PostProcessQuality@3] File [J:/2020_Projects/Side_Projects/Tank_Fighter/Tank_Fighter_Unreal4/Tank_Fighter/Tank_Fighter/Saved/Config/Windows/Scalability.ini]
[2020.05.31-22.35.37:235][  0]LogConfig: Setting CVar [[r.MotionBlurQuality:4]]
[2020.05.31-22.35.37:235][  0]LogConfig: Setting CVar [[r.AmbientOcclusionMipLevelFactor:0.4]]
[2020.05.31-22.35.37:235][  0]LogConfig: Setting CVar [[r.AmbientOcclusionMaxQuality:100]]
[2020.05.31-22.35.37:235][  0]LogConfig: Setting CVar [[r.AmbientOcclusionLevels:-1]]
[2020.05.31-22.35.37:235][  0]LogConfig: Setting CVar [[r.AmbientOcclusionRadiusScale:1.0]]
[2020.05.31-22.35.37:235][  0]LogConfig: Setting CVar [[r.DepthOfFieldQuality:2]]
[2020.05.31-22.35.37:235][  0]LogConfig: Setting CVar [[r.RenderTargetPoolMin:400]]
[2020.05.31-22.35.37:235][  0]LogConfig: Setting CVar [[r.LensFlareQuality:2]]
[2020.05.31-22.35.37:235][  0]LogConfig: Setting CVar [[r.SceneColorFringeQuality:1]]
[2020.05.31-22.35.37:235][  0]LogConfig: Setting CVar [[r.EyeAdaptationQuality:2]]
[2020.05.31-22.35.37:235][  0]LogConfig: Setting CVar [[r.BloomQuality:5]]
[2020.05.31-22.35.37:235][  0]LogConfig: Setting CVar [[r.FastBlurThreshold:100]]
[2020.05.31-22.35.37:235][  0]LogConfig: Setting CVar [[r.Upscale.Quality:3]]
[2020.05.31-22.35.37:235][  0]LogConfig: Setting CVar [[r.Tonemapper.GrainQuantization:1]]
[2020.05.31-22.35.37:235][  0]LogConfig: Setting CVar [[r.LightShaftQuality:1]]
[2020.05.31-22.35.37:235][  0]LogConfig: Setting CVar [[r.Filter.SizeScale:1]]
[2020.05.31-22.35.37:235][  0]LogConfig: Setting CVar [[r.Tonemapper.Quality:5]]
[2020.05.31-22.35.37:235][  0]LogConfig: Setting CVar [[r.DOF.Gather.AccumulatorQuality:1        ; higher gathering accumulator quality]]
[2020.05.31-22.35.37:235][  0]LogConfig: Setting CVar [[r.DOF.Gather.PostfilterMethod:1          ; Median3x3 postfilering method]]
[2020.05.31-22.35.37:235][  0]LogConfig: Setting CVar [[r.DOF.Gather.EnableBokehSettings:0       ; no bokeh simulation when gathering]]
[2020.05.31-22.35.37:235][  0]LogConfig: Setting CVar [[r.DOF.Gather.RingCount:4                 ; medium number of samples when gathering]]
[2020.05.31-22.35.37:235][  0]LogConfig: Setting CVar [[r.DOF.Scatter.ForegroundCompositing:1    ; additive foreground scattering]]
[2020.05.31-22.35.37:235][  0]LogConfig: Setting CVar [[r.DOF.Scatter.BackgroundCompositing:2    ; additive background scattering]]
[2020.05.31-22.35.37:235][  0]LogConfig: Setting CVar [[r.DOF.Scatter.EnableBokehSettings:1      ; bokeh simulation when scattering]]
[2020.05.31-22.35.37:235][  0]LogConfig: Setting CVar [[r.DOF.Scatter.MaxSpriteRatio:0.1         ; only a maximum of 10% of scattered bokeh]]
[2020.05.31-22.35.37:235][  0]LogConfig: Setting CVar [[r.DOF.Recombine.Quality:1                ; cheap slight out of focus]]
[2020.05.31-22.35.37:235][  0]LogConfig: Setting CVar [[r.DOF.Recombine.EnableBokehSettings:0    ; no bokeh simulation on slight out of focus]]
[2020.05.31-22.35.37:235][  0]LogConfig: Setting CVar [[r.DOF.TemporalAAQuality:1                ; more stable temporal accumulation]]
[2020.05.31-22.35.37:235][  0]LogConfig: Setting CVar [[r.DOF.Kernel.MaxForegroundRadius:0.025]]
[2020.05.31-22.35.37:235][  0]LogConfig: Setting CVar [[r.DOF.Kernel.MaxBackgroundRadius:0.025]]
[2020.05.31-22.35.37:235][  0]LogConfig: Applying CVar settings from Section [TextureQuality@3] File [J:/2020_Projects/Side_Projects/Tank_Fighter/Tank_Fighter_Unreal4/Tank_Fighter/Tank_Fighter/Saved/Config/Windows/Scalability.ini]
[2020.05.31-22.35.37:235][  0]LogConfig: Setting CVar [[r.Streaming.MipBias:0]]
[2020.05.31-22.35.37:235][  0]LogConfig: Setting CVar [[r.Streaming.AmortizeCPUToGPUCopy:0]]
[2020.05.31-22.35.37:235][  0]LogConfig: Setting CVar [[r.Streaming.MaxNumTexturesToStreamPerFrame:0]]
[2020.05.31-22.35.37:235][  0]LogConfig: Setting CVar [[r.Streaming.Boost:1]]
[2020.05.31-22.35.37:235][  0]LogConfig: Setting CVar [[r.MaxAnisotropy:8]]
[2020.05.31-22.35.37:235][  0]LogConfig: Setting CVar [[r.Streaming.LimitPoolSizeToVRAM:0]]
[2020.05.31-22.35.37:235][  0]LogConfig: Setting CVar [[r.Streaming.PoolSize:1000]]
[2020.05.31-22.35.37:235][  0]LogConfig: Setting CVar [[r.Streaming.MaxEffectiveScreenSize:0]]
[2020.05.31-22.35.37:235][  0]LogConfig: Applying CVar settings from Section [EffectsQuality@3] File [J:/2020_Projects/Side_Projects/Tank_Fighter/Tank_Fighter_Unreal4/Tank_Fighter/Tank_Fighter/Saved/Config/Windows/Scalability.ini]
[2020.05.31-22.35.37:235][  0]LogConfig: Setting CVar [[r.TranslucencyLightingVolumeDim:64]]
[2020.05.31-22.35.37:235][  0]LogConfig: Setting CVar [[r.RefractionQuality:2]]
[2020.05.31-22.35.37:235][  0]LogConfig: Setting CVar [[r.SSR.Quality:3]]
[2020.05.31-22.35.37:235][  0]LogConfig: Setting CVar [[r.SceneColorFormat:4]]
[2020.05.31-22.35.37:235][  0]LogConfig: Setting CVar [[r.DetailMode:2]]
[2020.05.31-22.35.37:235][  0]LogConfig: Setting CVar [[r.TranslucencyVolumeBlur:1]]
[2020.05.31-22.35.37:235][  0]LogConfig: Setting CVar [[r.MaterialQualityLevel:1 ; High quality]]
[2020.05.31-22.35.37:235][  0]LogConfig: Setting CVar [[r.SSS.Scale:1]]
[2020.05.31-22.35.37:235][  0]LogConfig: Setting CVar [[r.SSS.SampleSet:2]]
[2020.05.31-22.35.37:235][  0]LogConfig: Setting CVar [[r.SSS.Quality:1]]
[2020.05.31-22.35.37:235][  0]LogConfig: Setting CVar [[r.SSS.HalfRes:1]]
[2020.05.31-22.35.37:235][  0]LogConfig: Setting CVar [[r.EmitterSpawnRateScale:1.0]]
[2020.05.31-22.35.37:235][  0]LogConfig: Setting CVar [[r.ParticleLightQuality:2]]
[2020.05.31-22.35.37:235][  0]LogConfig: Applying CVar settings from Section [FoliageQuality@3] File [J:/2020_Projects/Side_Projects/Tank_Fighter/Tank_Fighter_Unreal4/Tank_Fighter/Tank_Fighter/Saved/Config/Windows/Scalability.ini]
[2020.05.31-22.35.37:235][  0]LogConfig: Setting CVar [[foliage.DensityScale:1.0]]
[2020.05.31-22.35.37:235][  0]LogConfig: Setting CVar [[grass.DensityScale:1.0]]
[2020.05.31-22.35.37:235][  0]LogConfig: Applying CVar settings from Section [Startup] File [../../../Engine/Config/ConsoleVariables.ini]
[2020.05.31-22.35.37:242][  0]LogConfig: Setting CVar [[net.UseAdaptiveNetUpdateFrequency:0]]
[2020.05.31-22.35.37:242][  0]LogConfig: Setting CVar [[p.chaos.AllowCreatePhysxBodies:1]]
[2020.05.31-22.35.37:242][  0]LogConfig: Applying CVar settings from Section [ConsoleVariables] File [J:/2020_Projects/Side_Projects/Tank_Fighter/Tank_Fighter_Unreal4/Tank_Fighter/Tank_Fighter/Saved/Config/Windows/Engine.ini]
[2020.05.31-22.35.37:242][  0]LogInit: Computer: DESKTOP-PRQOOR9
[2020.05.31-22.35.37:242][  0]LogInit: User: Administrator
[2020.05.31-22.35.37:242][  0]LogInit: CPU Page size=4096, Cores=4
[2020.05.31-22.35.37:242][  0]LogInit: High frequency timer resolution =10.000000 MHz
[2020.05.31-22.35.37:243][  0]LogMemory: Memory total: Physical=63.9GB (64GB approx)
[2020.05.31-22.35.37:243][  0]LogMemory: Platform Memory Stats for Windows
[2020.05.31-22.35.37:243][  0]LogMemory: Process Physical Memory: 96.63 MB used, 96.63 MB peak
[2020.05.31-22.35.37:243][  0]LogMemory: Process Virtual Memory: 90.45 MB used, 90.45 MB peak
[2020.05.31-22.35.37:243][  0]LogMemory: Physical Memory: 8131.76 MB used,  57329.36 MB free, 65461.12 MB total
[2020.05.31-22.35.37:243][  0]LogMemory: Virtual Memory: 4648.81 MB used,  134213080.00 MB free, 134217728.00 MB total
[2020.05.31-22.35.37:482][  0]LogInit: Using OS detected language (en-US).
[2020.05.31-22.35.37:482][  0]LogInit: Using OS detected locale (en-US).
[2020.05.31-22.35.37:484][  0]LogTextLocalizationManager: No specific localization for 'en-US' exists, so the 'en' localization will be used.
[2020.05.31-22.35.37:713][  0]LogInit: Setting process to per monitor DPI aware
[2020.05.31-22.35.37:801][  0]LogSlate: New Slate User Created.  User Index 0, Is Virtual User: 0
[2020.05.31-22.35.37:801][  0]LogSlate: Slate User Registered.  User Index 0, Is Virtual User: 0
[2020.05.31-22.35.39:884][  0]LogHMD: Failed to initialize OpenVR with code 110
[2020.05.31-22.35.39:884][  0]LogD3D11RHI: D3D11 adapters:
[2020.05.31-22.35.39:931][  0]LogD3D11RHI:    0. 'NVIDIA GeForce GTX 1080' (Feature Level 11_0)
[2020.05.31-22.35.39:932][  0]LogD3D11RHI:       8079/0/32730 MB DedicatedVideo/DedicatedSystem/SharedSystem, Outputs:2, VendorId:0x10de
[2020.05.31-22.35.39:933][  0]LogD3D11RHI:    1. 'Microsoft Basic Render Driver' (Feature Level 11_0)
[2020.05.31-22.35.39:933][  0]LogD3D11RHI:       0/0/32730 MB DedicatedVideo/DedicatedSystem/SharedSystem, Outputs:0, VendorId:0x1414
[2020.05.31-22.35.39:933][  0]LogD3D11RHI: Chosen D3D11 Adapter: 0
[2020.05.31-22.35.39:942][  0]LogD3D11RHI: Creating new Direct3DDevice
[2020.05.31-22.35.39:942][  0]LogD3D11RHI:     GPU DeviceId: 0x1b80 (for the marketing name, search the web for "GPU Device Id")
[2020.05.31-22.35.39:942][  0]LogWindows: EnumDisplayDevices:
[2020.05.31-22.35.39:942][  0]LogWindows:    0. 'NVIDIA GeForce GTX 1080' (P:1 D:1)
[2020.05.31-22.35.39:942][  0]LogWindows:    1. 'NVIDIA GeForce GTX 1080' (P:0 D:1)
[2020.05.31-22.35.39:943][  0]LogWindows:    2. 'NVIDIA GeForce GTX 1080' (P:0 D:0)
[2020.05.31-22.35.39:943][  0]LogWindows:    3. 'NVIDIA GeForce GTX 1080' (P:0 D:0)
[2020.05.31-22.35.39:943][  0]LogWindows: DebugString: FoundDriverCount:4 
[2020.05.31-22.35.39:943][  0]LogD3D11RHI:     Adapter Name: NVIDIA GeForce GTX 1080
[2020.05.31-22.35.39:943][  0]LogD3D11RHI:   Driver Version: 442.19 (internal:26.21.14.4219, unified:442.19)
[2020.05.31-22.35.39:943][  0]LogD3D11RHI:      Driver Date: 1-29-2020
[2020.05.31-22.35.39:943][  0]LogRHI: Texture pool is 5655 MB (70% of 8079 MB)
[2020.05.31-22.35.39:977][  0]LogD3D11RHI: Async texture creation enabled
[2020.05.31-22.35.40:006][  0]LogRendererCore: FGlobalReadBuffer::InitRHI
[2020.05.31-22.35.40:006][  0]LogRendererCore: FGlobalReadBuffer::InitRHI
[2020.05.31-22.35.40:006][  0]LogRendererCore: FGlobalReadBuffer::InitRHI
[2020.05.31-22.35.40:015][  0]LogD3D11RHI: GPU Timing Frequency: 1000.000000 (Debug: 2 1)
[2020.05.31-22.35.40:605][  0]LogTemp: Display: Module 'AllDesktopTargetPlatform' loaded TargetPlatform 'AllDesktop'
[2020.05.31-22.35.40:630][  0]LogTemp: Display: Module 'MacClientTargetPlatform' loaded TargetPlatform 'MacClient'
[2020.05.31-22.35.40:651][  0]LogTemp: Display: Module 'MacNoEditorTargetPlatform' loaded TargetPlatform 'MacNoEditor'
[2020.05.31-22.35.40:673][  0]LogTemp: Display: Module 'MacServerTargetPlatform' loaded TargetPlatform 'MacServer'
[2020.05.31-22.35.40:698][  0]LogTemp: Display: Module 'MacTargetPlatform' loaded TargetPlatform 'Mac'
[2020.05.31-22.35.40:721][  0]LogTemp: Display: Module 'WindowsClientTargetPlatform' loaded TargetPlatform 'WindowsClient'
[2020.05.31-22.35.40:743][  0]LogTemp: Display: Module 'WindowsNoEditorTargetPlatform' loaded TargetPlatform 'WindowsNoEditor'
[2020.05.31-22.35.40:767][  0]LogTemp: Display: Module 'WindowsServerTargetPlatform' loaded TargetPlatform 'WindowsServer'
[2020.05.31-22.35.40:784][  0]LogTemp: Display: Module 'WindowsTargetPlatform' loaded TargetPlatform 'Windows'
[2020.05.31-22.35.40:867][  0]LogTemp: Display: Module 'AndroidTargetPlatform' loaded TargetPlatform 'Android'
[2020.05.31-22.35.40:867][  0]LogTemp: Display: Module 'AndroidTargetPlatform' loaded TargetPlatform 'Android_ASTC'
[2020.05.31-22.35.40:867][  0]LogTemp: Display: Module 'AndroidTargetPlatform' loaded TargetPlatform 'Android_ATC'
[2020.05.31-22.35.40:867][  0]LogTemp: Display: Module 'AndroidTargetPlatform' loaded TargetPlatform 'Android_DXT'
[2020.05.31-22.35.40:867][  0]LogTemp: Display: Module 'AndroidTargetPlatform' loaded TargetPlatform 'Android_ETC1'
[2020.05.31-22.35.40:867][  0]LogTemp: Display: Module 'AndroidTargetPlatform' loaded TargetPlatform 'Android_ETC1a'
[2020.05.31-22.35.40:867][  0]LogTemp: Display: Module 'AndroidTargetPlatform' loaded TargetPlatform 'Android_ETC2'
[2020.05.31-22.35.40:867][  0]LogTemp: Display: Module 'AndroidTargetPlatform' loaded TargetPlatform 'Android_PVRTC'
[2020.05.31-22.35.40:867][  0]LogTemp: Display: Module 'AndroidTargetPlatform' loaded TargetPlatform 'AndroidClient'
[2020.05.31-22.35.40:867][  0]LogTemp: Display: Module 'AndroidTargetPlatform' loaded TargetPlatform 'Android_ASTCClient'
[2020.05.31-22.35.40:867][  0]LogTemp: Display: Module 'AndroidTargetPlatform' loaded TargetPlatform 'Android_ATCClient'
[2020.05.31-22.35.40:867][  0]LogTemp: Display: Module 'AndroidTargetPlatform' loaded TargetPlatform 'Android_DXTClient'
[2020.05.31-22.35.40:867][  0]LogTemp: Display: Module 'AndroidTargetPlatform' loaded TargetPlatform 'Android_ETC1Client'
[2020.05.31-22.35.40:867][  0]LogTemp: Display: Module 'AndroidTargetPlatform' loaded TargetPlatform 'Android_ETC1aClient'
[2020.05.31-22.35.40:867][  0]LogTemp: Display: Module 'AndroidTargetPlatform' loaded TargetPlatform 'Android_ETC2Client'
[2020.05.31-22.35.40:867][  0]LogTemp: Display: Module 'AndroidTargetPlatform' loaded TargetPlatform 'Android_PVRTCClient'
[2020.05.31-22.35.40:867][  0]LogTemp: Display: Module 'AndroidTargetPlatform' loaded TargetPlatform 'Android_Multi'
[2020.05.31-22.35.40:867][  0]LogTemp: Display: Module 'AndroidTargetPlatform' loaded TargetPlatform 'Android_MultiClient'
[2020.05.31-22.35.40:879][  0]LogTemp: Display: Module 'HTML5TargetPlatform' loaded TargetPlatform 'HTML5'
[2020.05.31-22.35.40:965][  0]LogTemp: Display: Module 'IOSTargetPlatform' loaded TargetPlatform 'IOSClient'
[2020.05.31-22.35.40:965][  0]LogTemp: Display: Module 'IOSTargetPlatform' loaded TargetPlatform 'IOS'
[2020.05.31-22.35.40:995][  0]LogTemp: Display: Module 'TVOSTargetPlatform' loaded TargetPlatform 'TVOSClient'
[2020.05.31-22.35.40:995][  0]LogTemp: Display: Module 'TVOSTargetPlatform' loaded TargetPlatform 'TVOS'
[2020.05.31-22.35.41:017][  0]LogTemp: Display: Module 'LinuxClientTargetPlatform' loaded TargetPlatform 'LinuxClient'
[2020.05.31-22.35.41:037][  0]LogTemp: Display: Module 'LinuxNoEditorTargetPlatform' loaded TargetPlatform 'LinuxNoEditor'
[2020.05.31-22.35.41:059][  0]LogTemp: Display: Module 'LinuxServerTargetPlatform' loaded TargetPlatform 'LinuxServer'
[2020.05.31-22.35.41:092][  0]LogTemp: Display: Module 'LinuxTargetPlatform' loaded TargetPlatform 'Linux'
[2020.05.31-22.35.41:150][  0]LogTemp: Display: Module 'LuminTargetPlatform' loaded TargetPlatform 'Lumin'
[2020.05.31-22.35.41:150][  0]LogTemp: Display: Module 'LuminTargetPlatform' loaded TargetPlatform 'LuminClient'
[2020.05.31-22.35.41:150][  0]LogTargetPlatformManager: Display: Building Assets For Windows
[2020.05.31-22.35.41:208][  0]LogAudioDebug: Display: Lib vorbis DLL was dynamically loaded.
[2020.05.31-22.35.41:494][  0]LogShaderCompilers: Guid format shader working directory is -37 characters bigger than the processId version (J:/2020_Projects/Side_Projects/Tank_Fighter/Tank_Fighter_Unreal4/Tank_Fighter/Tank_Fighter/Intermediate/Shaders/WorkingDirectory/18220/).
[2020.05.31-22.35.41:494][  0]LogShaderCompilers: Cleaned the shader compiler working directory 'C:/Users/Administrator/AppData/Local/Temp/UnrealShaderWorkingDir/DE2A9C1D42042EE2A80A51ABDC774F46/'.
[2020.05.31-22.35.41:510][  0]LogXGEController: Cleaning working directory: C:/Users/Administrator/AppData/Local/Temp/UnrealXGEWorkingDir/
[2020.05.31-22.35.41:510][  0]LogXGEController: Cannot use XGE Controller as Incredibuild is not installed on this machine.
[2020.05.31-22.35.41:511][  0]LogShaderCompilers: Cannot use XGE Shader Compiler as Incredibuild is not installed on this machine.
[2020.05.31-22.35.41:511][  0]LogShaderCompilers: Display: Using Local Shader Compiler.
[2020.05.31-22.35.43:844][  0]LogDerivedDataCache: Display: Max Cache Size: 512 MB
[2020.05.31-22.35.44:020][  0]LogDerivedDataCache: Loaded boot cache 0.18s 71MB C:/Users/Administrator/AppData/Local/UnrealEngine/4.22/DerivedDataCache/Boot.ddc.
[2020.05.31-22.35.44:020][  0]LogDerivedDataCache: Display: Loaded Boot cache: C:/Users/Administrator/AppData/Local/UnrealEngine/4.22/DerivedDataCache/Boot.ddc
[2020.05.31-22.35.44:020][  0]LogDerivedDataCache: FDerivedDataBackendGraph:  Pak pak cache file J:/2020_Projects/Side_Projects/Tank_Fighter/Tank_Fighter_Unreal4/Tank_Fighter/Tank_Fighter/DerivedDataCache/DDC.ddp not found, will not use a pak cache.
[2020.05.31-22.35.44:020][  0]LogDerivedDataCache: Unable to find inner node Pak for hierarchical cache Hierarchy.
[2020.05.31-22.35.44:020][  0]LogDerivedDataCache: FDerivedDataBackendGraph:  CompressedPak pak cache file J:/2020_Projects/Side_Projects/Tank_Fighter/Tank_Fighter_Unreal4/Tank_Fighter/Tank_Fighter/DerivedDataCache/Compressed.ddp not found, will not use a pak cache.
[2020.05.31-22.35.44:020][  0]LogDerivedDataCache: Unable to find inner node CompressedPak for hierarchical cache Hierarchy.
[2020.05.31-22.35.44:043][  0]LogDerivedDataCache: Display: Pak cache opened for reading ../../../Engine/DerivedDataCache/Compressed.ddp.
[2020.05.31-22.35.44:043][  0]LogDerivedDataCache: FDerivedDataBackendGraph:  EnterprisePak pak cache file ../../../Enterprise/DerivedDataCache/Compressed.ddp not found, will not use a pak cache.
[2020.05.31-22.35.44:043][  0]LogDerivedDataCache: Unable to find inner node EnterprisePak for hierarchical cache Hierarchy.
[2020.05.31-22.35.44:055][  0]LogDerivedDataCache: Using Local data cache path C:/Users/Administrator/AppData/Local/UnrealEngine/Common/DerivedDataCache: Writable
[2020.05.31-22.35.44:055][  0]LogDerivedDataCache: Shared data cache path not found in *engine.ini, will not use an Shared cache.
[2020.05.31-22.35.44:055][  0]LogDerivedDataCache: Unable to find inner node Shared for hierarchical cache Hierarchy.
[2020.05.31-22.35.44:074][  0]LogMaterial: Verifying Global Shaders for PCD3D_SM5
[2020.05.31-22.35.44:081][  0]LogSlate: Using FreeType 2.6.0
[2020.05.31-22.35.44:097][  0]LogSlate: SlateFontServices - WITH_FREETYPE: 1, WITH_HARFBUZZ: 1
[2020.05.31-22.35.44:366][  0]LogAssetRegistry: FAssetRegistry took 0.0330 seconds to start up
[2020.05.31-22.35.44:710][  0]LogInit: Selected Device Profile: [Windows]
[2020.05.31-22.35.45:121][  0]LogMeshReduction: Using QuadricMeshReduction for automatic static mesh reduction
[2020.05.31-22.35.45:121][  0]LogMeshReduction: Using SimplygonMeshReduction for automatic skeletal mesh reduction
[2020.05.31-22.35.45:121][  0]LogMeshReduction: Using ProxyLODMeshReduction for automatic mesh merging
[2020.05.31-22.35.45:121][  0]LogMeshReduction: No distributed automatic mesh merging module available
[2020.05.31-22.35.45:121][  0]LogMeshMerging: No distributed automatic mesh merging module available
[2020.05.31-22.35.45:172][  0]LogNetVersion: Tank_Fighter 1.0.0, NetCL: 5660361, EngineNetVer: 10, GameNetVer: 0 (Checksum: 927488450)
[2020.05.31-22.35.46:228][  0]LogPackageLocalizationCache: Processed 10 localized package path(s) for 1 prioritized culture(s) in 0.037013 seconds
[2020.05.31-22.35.46:234][  0]LogUObjectArray: 42205 objects as part of root set at end of initial load.
[2020.05.31-22.35.46:234][  0]LogUObjectAllocator: 7325032 out of 0 bytes used by permanent object pool.
[2020.05.31-22.35.46:234][  0]LogUObjectArray: CloseDisregardForGC: 0/0 objects in disregard for GC pool
[2020.05.31-22.35.49:461][  0]LogTcpMessaging: Initializing TcpMessaging bridge
[2020.05.31-22.35.49:488][  0]LogUdpMessaging: Initializing bridge on interface 0.0.0.0:0 to multicast group 230.0.0.1:6666.
[2020.05.31-22.35.49:881][  0]SourceControl: Source control is disabled
[2020.05.31-22.35.49:882][  0]SourceControl: Source control is disabled
[2020.05.31-22.35.49:909][  0]SourceControl: Source control is disabled
[2020.05.31-22.35.49:925][  0]SourceControl: Source control is disabled
[2020.05.31-22.35.50:529][  0]LogAndroidPermission: UAndroidPermissionCallbackProxy::GetInstance
[2020.05.31-22.35.50:831][  0]LogOcInput: OculusInput pre-init called
[2020.05.31-22.35.51:607][  0]LogEngine: Initializing Engine...
[2020.05.31-22.35.51:609][  0]LogHMD: Failed to initialize OpenVR with code 110
[2020.05.31-22.35.51:610][  0]LogStats: UGameplayTagsManager::InitializeManager -  0.001 s
[2020.05.31-22.35.51:926][  0]LogInit: Initializing FReadOnlyCVARCache
[2020.05.31-22.35.52:010][  0]LogAIModule: Creating AISystem for world Untitled
[2020.05.31-22.35.52:046][  0]LogInit: XAudio2 using 'VoiceMeeter Input (VB-Audio VoiceMeeter VAIO)' : 2 channels at 48 kHz using 24 bits per sample (channel mask 0x3)
[2020.05.31-22.35.52:073][  0]LogInit: FAudioDevice initialized.
[2020.05.31-22.35.52:073][  0]LogNetVersion: Set ProjectVersion to 1.0.0.0. Version Checksum will be recalculated on next use.
[2020.05.31-22.35.52:206][  0]LogDerivedDataCache: Saved boot cache 0.13s 71MB C:/Users/Administrator/AppData/Local/UnrealEngine/4.22/DerivedDataCache/Boot.ddc.
[2020.05.31-22.35.52:212][  0]LogInit: Texture streaming: Enabled
[2020.05.31-22.35.52:283][  0]LogEngineSessionManager: EngineSessionManager initialized
[2020.05.31-22.35.52:364][  0]LogInit: Transaction tracking system initialized
[2020.05.31-22.35.52:514][  0]BlueprintLog: New page: Editor Load
[2020.05.31-22.35.52:955][  0]LocalizationService: Localization service is disabled
[2020.05.31-22.35.53:700][  0]LogFileCache: Scanning file cache for directory 'J:/2020_Projects/Side_Projects/Tank_Fighter/Tank_Fighter_Unreal4/Tank_Fighter/Tank_Fighter/Content/' took 0.02s
[2020.05.31-22.35.53:700][  0]LogCook: Display: Max memory allowance for cook 16384mb min free memory 0mb
[2020.05.31-22.35.53:700][  0]LogCook: Display: Mobile HDR setting 1
[2020.05.31-22.35.54:507][  0]SourceControl: Source control is disabled
[2020.05.31-22.35.54:508][  0]Cmd: MAP LOAD FILE="J:/2020_Projects/Side_Projects/Tank_Fighter/Tank_Fighter_Unreal4/Tank_Fighter/Tank_Fighter/Content/Levels/Winter_Battleground.umap" TEMPLATE=0 SHOWPROGRESS=1 FEATURELEVEL=3
[2020.05.31-22.35.54:509][  0]LightingResults: New page: Lighting Build
[2020.05.31-22.35.54:528][  0]MapCheck: New page: Map Check
[2020.05.31-22.35.54:528][  0]LightingResults: New page: Lighting Build
[2020.05.31-22.35.54:550][  0]LogUObjectHash: Compacting FUObjectHashTables data took   1.12ms
[2020.05.31-22.35.55:291][  0]LogAIModule: Creating AISystem for world Winter_Battleground
[2020.05.31-22.35.55:617][  0]LogEditorServer: Finished looking for orphan Actors (0.000 secs)
[2020.05.31-22.35.55:638][  0]LogUObjectHash: Compacting FUObjectHashTables data took   1.32ms
[2020.05.31-22.35.55:638][  0]Cmd: MAP CHECKDEP NOCLEARLOG
[2020.05.31-22.35.55:638][  0]MapCheck: Map check complete: 0 Error(s), 0 Warning(s), took 0.061ms to complete.
[2020.05.31-22.35.55:638][  0]LogFileHelpers: Loading map 'Winter_Battleground' took 1.131
[2020.05.31-22.35.55:764][  0]LogSlate: Updating window title bar state: overlay mode, drag disabled, window buttons hidden, title bar hidden
[2020.05.31-22.35.55:770][  0]LogSlate: Updating window title bar state: overlay mode, drag disabled, window buttons hidden, title bar hidden
[2020.05.31-22.35.55:775][  0]LogSlate: Updating window title bar state: overlay mode, drag disabled, window buttons hidden, title bar hidden
[2020.05.31-22.35.55:780][  0]LogSlate: Updating window title bar state: overlay mode, drag disabled, window buttons hidden, title bar hidden
[2020.05.31-22.35.55:798][  0]LogCollectionManager: Loaded 0 collections in 0.000631 seconds
[2020.05.31-22.35.55:848][  0]LogFileCache: Scanning file cache for directory 'J:/2020_Projects/Side_Projects/Tank_Fighter/Tank_Fighter_Unreal4/Tank_Fighter/Tank_Fighter/Saved/Collections/' took 0.01s
[2020.05.31-22.35.55:848][  0]LogFileCache: Scanning file cache for directory 'J:/2020_Projects/Side_Projects/Tank_Fighter/Tank_Fighter_Unreal4/Tank_Fighter/Tank_Fighter/Content/Developers/Administrator/Collections/' took 0.01s
[2020.05.31-22.35.55:848][  0]LogFileCache: Scanning file cache for directory 'J:/2020_Projects/Side_Projects/Tank_Fighter/Tank_Fighter_Unreal4/Tank_Fighter/Tank_Fighter/Content/Collections/' took 0.01s
[2020.05.31-22.35.55:848][  0]LogCollectionManager: Rebuilt the GUID cache for 0 collections in 0.000001 seconds
[2020.05.31-22.35.55:855][  0]LogContentBrowser: Native class hierarchy populated in 0.0066 seconds. Added 2733 classes and 661 folders.
[2020.05.31-22.35.55:879][  0]LogContentBrowser: Native class hierarchy updated for 'WidgetCarousel' in 0.0003 seconds. Added 0 classes and 0 folders.
[2020.05.31-22.35.55:888][  0]LogPakFile: Registered encryption key '00000000000000000000000000000000': 0 pak files mounted, 0 remain pending
[2020.05.31-22.35.55:895][  0]LogPakFile: Registered encryption key '00000000000000000000000000000000': 0 pak files mounted, 0 remain pending
[2020.05.31-22.35.55:906][  0]LogPakFile: Registered encryption key '00000000000000000000000000000000': 0 pak files mounted, 0 remain pending
[2020.05.31-22.35.55:913][  0]LogPakFile: Registered encryption key '00000000000000000000000000000000': 0 pak files mounted, 0 remain pending
[2020.05.31-22.35.55:919][  0]LogPakFile: Registered encryption key '00000000000000000000000000000000': 0 pak files mounted, 0 remain pending
[2020.05.31-22.35.55:924][  0]LogPakFile: Registered encryption key '00000000000000000000000000000000': 0 pak files mounted, 0 remain pending
[2020.05.31-22.35.55:932][  0]LogPakFile: Registered encryption key '00000000000000000000000000000000': 0 pak files mounted, 0 remain pending
[2020.05.31-22.35.55:937][  0]LogPakFile: Registered encryption key '00000000000000000000000000000000': 0 pak files mounted, 0 remain pending
[2020.05.31-22.35.55:943][  0]LogPakFile: Registered encryption key '00000000000000000000000000000000': 0 pak files mounted, 0 remain pending
[2020.05.31-22.35.55:950][  0]LogPakFile: Registered encryption key '00000000000000000000000000000000': 0 pak files mounted, 0 remain pending
[2020.05.31-22.35.55:955][  0]LogPakFile: Registered encryption key '00000000000000000000000000000000': 0 pak files mounted, 0 remain pending
[2020.05.31-22.35.55:961][  0]LogPakFile: Registered encryption key '00000000000000000000000000000000': 0 pak files mounted, 0 remain pending
[2020.05.31-22.35.55:966][  0]LogPakFile: Registered encryption key '00000000000000000000000000000000': 0 pak files mounted, 0 remain pending
[2020.05.31-22.35.55:972][  0]LogPakFile: Registered encryption key '00000000000000000000000000000000': 0 pak files mounted, 0 remain pending
[2020.05.31-22.35.55:977][  0]LogPakFile: Registered encryption key '00000000000000000000000000000000': 0 pak files mounted, 0 remain pending
[2020.05.31-22.35.55:981][  0]LogPakFile: Registered encryption key '00000000000000000000000000000000': 0 pak files mounted, 0 remain pending
[2020.05.31-22.35.56:002][  0]LogPakFile: Registered encryption key '00000000000000000000000000000000': 0 pak files mounted, 0 remain pending
[2020.05.31-22.35.56:019][  0]LogPakFile: Registered encryption key '00000000000000000000000000000000': 0 pak files mounted, 0 remain pending
[2020.05.31-22.35.56:024][  0]LogPakFile: Registered encryption key '00000000000000000000000000000000': 0 pak files mounted, 0 remain pending
[2020.05.31-22.35.56:029][  0]LogPakFile: Registered encryption key '00000000000000000000000000000000': 0 pak files mounted, 0 remain pending
[2020.05.31-22.35.56:034][  0]LogPakFile: Registered encryption key '00000000000000000000000000000000': 0 pak files mounted, 0 remain pending
[2020.05.31-22.35.56:039][  0]LogPakFile: Registered encryption key '00000000000000000000000000000000': 0 pak files mounted, 0 remain pending
[2020.05.31-22.35.56:044][  0]LogPakFile: Registered encryption key '00000000000000000000000000000000': 0 pak files mounted, 0 remain pending
[2020.05.31-22.35.56:050][  0]LogPakFile: Registered encryption key '00000000000000000000000000000000': 0 pak files mounted, 0 remain pending
[2020.05.31-22.35.56:055][  0]LogPakFile: Registered encryption key '00000000000000000000000000000000': 0 pak files mounted, 0 remain pending
[2020.05.31-22.35.56:061][  0]LogPakFile: Registered encryption key '00000000000000000000000000000000': 0 pak files mounted, 0 remain pending
[2020.05.31-22.35.56:195][  0]LogContentBrowser: Native class hierarchy updated for 'AddContentDialog' in 0.0003 seconds. Added 0 classes and 0 folders.
[2020.05.31-22.35.56:215][  0]LogContentBrowser: Native class hierarchy updated for 'SceneOutliner' in 0.0003 seconds. Added 1 classes and 2 folders.
[2020.05.31-22.35.56:270][  0]LogSlate: Took 0.005679 seconds to synchronously load lazily loaded font '../../../Engine/Content/Slate/Fonts/Roboto-Regular.ttf' (155K)
[2020.05.31-22.35.56:277][  0]LogSlate: Took 0.004956 seconds to synchronously load lazily loaded font '../../../Engine/Content/Slate/Fonts/Roboto-Bold.ttf' (160K)
[2020.05.31-22.35.56:284][  0]LogSlate: Took 0.004691 seconds to synchronously load lazily loaded font '../../../Engine/Content/Editor/Slate/Fonts/FontAwesome.ttf' (139K)
[2020.05.31-22.35.56:350][  0]LogRenderer: Reallocating scene render targets to support 1848x748 Format 10 NumSamples 1 (Frame:1).
[2020.05.31-22.35.56:493][  0]LogContentBrowser: Native class hierarchy updated for 'HierarchicalLODOutliner' in 0.0003 seconds. Added 0 classes and 0 folders.
[2020.05.31-22.35.56:493][  0]LogLoad: (Engine Initialization) Total time: 24.85 seconds
[2020.05.31-22.35.56:493][  0]LogLoad: (Engine Initialization) Total Blueprint compile time: 0.00 seconds
[2020.05.31-22.35.56:527][  0]LogAssetRegistry: Asset discovery search completed in 12.1840 seconds
[2020.05.31-22.35.56:529][  0]LogCollectionManager: Rebuilt the object cache for 0 collections in 0.000000 seconds (found 0 objects)
[2020.05.31-22.35.56:529][  0]LogCollectionManager: Fixed up redirectors for 0 collections in 0.000090 seconds (updated 0 objects)
[2020.05.31-22.35.56:533][  0]LogContentStreaming: Texture pool size now 1000 MB
[2020.05.31-22.35.57:854][  4]LogSlate: Took 0.006511 seconds to synchronously load lazily loaded font '../../../Engine/Content/Slate/Fonts/Roboto-Light.ttf' (167K)
[2020.05.31-23.30.24:424][765]LogSlate: FSceneViewport::OnFocusLost() reason 0
[2020.06.01-02.39.24:781][665]LogEditorViewport: Clicking on Actor (context menu): Landscape (Landscape)
[2020.06.01-02.39.24:891][665]LogSlate: FSceneViewport::OnFocusLost() reason 2
[2020.06.01-02.49.43:494][790]LogSlate: FSceneViewport::OnFocusLost() reason 0
[2020.06.01-02.49.53:973][ 42]LogAssetEditorManager: Opening Asset editor for Blueprint /Game/Blueprints/Tank_BP.Tank_BP
[2020.06.01-02.49.54:297][ 42]LogContentBrowser: Native class hierarchy updated for 'BlueprintGraph' in 0.0007 seconds. Added 121 classes and 0 folders.
[2020.06.01-02.49.54:908][ 42]LogSlate: Took 0.004884 seconds to synchronously load lazily loaded font '../../../Engine/Content/Slate/Fonts/Roboto-BoldCondensed.ttf' (158K)
[2020.06.01-02.49.56:006][166]LogSlate: Took 0.005727 seconds to synchronously load lazily loaded font '../../../Engine/Content/Slate/Fonts/Roboto-Italic.ttf' (157K)
[2020.06.01-02.50.45:269][828]LogUObjectHash: Compacting FUObjectHashTables data took   2.14ms
[2020.06.01-02.50.45:464][828]LogSavePackage: Moving 'J:/2020_Projects/Side_Projects/Tank_Fighter/Tank_Fighter_Unreal4/Tank_Fighter/Tank_Fighter/Saved/Winter_Battleground_Auto1859837C841E6891D7EFAAB89A0A9FFBB.tmp' to 'J:/2020_Projects/Side_Projects/Tank_Fighter/Tank_Fighter_Unreal4/Tank_Fighter/Tank_Fighter/Saved/Autosaves/Game/Levels/Winter_Battleground_Auto1.umap'
[2020.06.01-02.50.45:469][828]LogFileHelpers: Editor autosave (incl. sublevels) for '/Game/Levels/Winter_Battleground' took 0.224
[2020.06.01-02.50.45:469][828]LogFileHelpers: Editor autosave (incl. sublevels) for all levels took 0.224
[2020.06.01-02.50.45:470][828]OBJ SavePackage: Generating thumbnails for [1] asset(s) in package [/Game/Blueprints/Tank_BP] ([1] browsable assets)...
[2020.06.01-02.50.45:478][828]OBJ SavePackage:     Rendered thumbnail for [Blueprint /Game/Blueprints/Tank_BP.Tank_BP]
[2020.06.01-02.50.45:478][828]OBJ SavePackage: Finished generating thumbnails for package [/Game/Blueprints/Tank_BP]
[2020.06.01-02.50.45:499][828]LogSavePackage: Moving 'J:/2020_Projects/Side_Projects/Tank_Fighter/Tank_Fighter_Unreal4/Tank_Fighter/Tank_Fighter/Saved/Tank_BP_Auto171C480BB4672888208005095567E4737.tmp' to 'J:/2020_Projects/Side_Projects/Tank_Fighter/Tank_Fighter_Unreal4/Tank_Fighter/Tank_Fighter/Saved/Autosaves/Game/Blueprints/Tank_BP_Auto1.uasset'
[2020.06.01-02.50.45:499][828]LogFileHelpers: Auto-saving content packages took 0.029
[2020.06.01-02.50.45:683][847]LogSlate: FSceneViewport::OnFocusLost() reason 0
[2020.06.01-02.50.54:070][834]BlueprintLog: New page: Compile Tank_BP
[2020.06.01-02.50.54:176][834]LogUObjectHash: Compacting FUObjectHashTables data took   1.66ms
[2020.06.01-02.53.46:655][732]LogSlate: FSceneViewport::OnFocusLost() reason 2
[2020.06.01-02.53.49:685][ 89]LogSlate: FSceneViewport::OnFocusLost() reason 0
[2020.06.01-02.53.49:822][105]LogAssetEditorManager: Opening Asset editor for StaticMesh /Game/Models/Tank/Tank_Body.Tank_Body
[2020.06.01-02.53.49:843][105]LogBlueprintActionDatabase: Requesting refresh due to module change: StaticMeshEditor (loaded)
[2020.06.01-02.53.50:447][106]LogRenderer: Reallocating scene render targets to support 1856x1320 Format 10 NumSamples 1 (Frame:1).
[2020.06.01-02.55.20:566][553]LogSlate: FSceneViewport::OnFocusLost() reason 0
[2020.06.01-02.55.27:754][414]LogSlate: FSceneViewport::OnFocusLost() reason 0
[2020.06.01-02.55.35:685][802]LogSlate: Window 'Pick Parent Class' being destroyed
[2020.06.01-02.55.46:194][ 52]LogUObjectHash: Compacting FUObjectHashTables data took   3.60ms
[2020.06.01-02.55.47:353][ 52]LogSlate: Window 'Delete Assets' being destroyed
[2020.06.01-02.55.47:402][ 52]LogUObjectHash: Compacting FUObjectHashTables data took   1.94ms
[2020.06.01-02.56.42:680][487]LogAssetEditorManager: Opening Asset editor for Blueprint /Game/Blueprints/MyTank_FighterGameModeBase.MyTank_FighterGameModeBase
[2020.06.01-02.56.42:925][487]LogSlate: Window 'Add Blueprint Class' being destroyed
[2020.06.01-02.56.52:690][611]LogSlate: FSceneViewport::OnFocusLost() reason 2
[2020.06.01-02.57.04:878][499]LogSlate: Prevented a slow task dialog from being summoned while a context menu was open
[2020.06.01-02.57.19:810][947]BlueprintLog: New page: Compile MyTank_FighterGameModeBase
[2020.06.01-02.57.19:939][947]LogUObjectHash: Compacting FUObjectHashTables data took   1.99ms
[2020.06.01-02.57.30:095][899]LogInit: XAudio2 using 'VoiceMeeter Input (VB-Audio VoiceMeeter VAIO)' : 2 channels at 48 kHz using 24 bits per sample (channel mask 0x3)
[2020.06.01-02.57.30:198][905]LogInit: XAudio2 using 'VoiceMeeter Input (VB-Audio VoiceMeeter VAIO)' : 2 channels at 48 kHz using 24 bits per sample (channel mask 0x3)
[2020.06.01-02.58.15:484][632]LogEditorViewport: Clicking on Actor (LMB): Landscape (Landscape)
[2020.06.01-02.58.18:611][  0]LogSlate: FSceneViewport::OnFocusLost() reason 0
[2020.06.01-02.58.28:847][220]Cmd: CAMERA ALIGN ACTIVEVIEWPORTONLY
[2020.06.01-02.58.50:581][812]LogSlate: FSceneViewport::OnFocusLost() reason 0
[2020.06.01-02.59.36:582][835]LogSlate: FSceneViewport::OnFocusLost() reason 0
[2020.06.01-02.59.36:749][848]LogUObjectHash: Compacting FUObjectHashTables data took   2.22ms
[2020.06.01-02.59.36:951][848]LogSavePackage: Moving 'J:/2020_Projects/Side_Projects/Tank_Fighter/Tank_Fighter_Unreal4/Tank_Fighter/Tank_Fighter/Saved/Winter_BattlegroundF4DF192646342D29CE04DD9EEFD91A1B.tmp' to 'J:/2020_Projects/Side_Projects/Tank_Fighter/Tank_Fighter_Unreal4/Tank_Fighter/Tank_Fighter/Content/Levels/Winter_Battleground.umap'
[2020.06.01-02.59.37:007][848]LogSavePackage: Moving 'J:/2020_Projects/Side_Projects/Tank_Fighter/Tank_Fighter_Unreal4/Tank_Fighter/Tank_Fighter/Saved/Winter_Battleground_BuiltData6EE5ED0343E6CE201B736DA40F3ED18F.tmp' to 'J:/2020_Projects/Side_Projects/Tank_Fighter/Tank_Fighter_Unreal4/Tank_Fighter/Tank_Fighter/Content/Levels/Winter_Battleground_BuiltData.uasset'
[2020.06.01-02.59.40:767][120]LogSavePackage: Moving 'J:/2020_Projects/Side_Projects/Tank_Fighter/Tank_Fighter_Unreal4/Tank_Fighter/Tank_Fighter/Saved/MyTank_FighterGameModeBase800CACBD4C01733F112C8381D2745271.tmp' to 'J:/2020_Projects/Side_Projects/Tank_Fighter/Tank_Fighter_Unreal4/Tank_Fighter/Tank_Fighter/Content/Blueprints/MyTank_FighterGameModeBase.uasset'
[2020.06.01-02.59.43:400][366]Cmd: OBJ SAVEPACKAGE PACKAGE="/Game/Blueprints/Tank_BP" FILE="J:/2020_Projects/Side_Projects/Tank_Fighter/Tank_Fighter_Unreal4/Tank_Fighter/Tank_Fighter/Content/Blueprints/Tank_BP.uasset" SILENT=true
[2020.06.01-02.59.43:421][366]LogSavePackage: Moving 'J:/2020_Projects/Side_Projects/Tank_Fighter/Tank_Fighter_Unreal4/Tank_Fighter/Tank_Fighter/Saved/Tank_BPFE62B8F0487C3203DA2495B170D1749B.tmp' to 'J:/2020_Projects/Side_Projects/Tank_Fighter/Tank_Fighter_Unreal4/Tank_Fighter/Tank_Fighter/Content/Blueprints/Tank_BP.uasset'
